

Microchip Technology PIC LITE Macro Assembler V1.32 build 58300 
                                                                                               Sun Dec 07 03:48:08 2014

Microchip Technology Omniscient Code Generator (Lite mode) build 58300
     1                           	processor	16F886
     2                           	opt	pw 120
     3                           	opt	lm
     4                           	psect	maintext,global,class=CODE,split=1,delta=2
     5                           	psect	cinit,global,class=CODE,merge=1,delta=2
     6                           	psect	cstackCOMMON,global,class=COMMON,space=1,delta=1
     7                           	dabs	1,0x7E,2
     8  0000                     	;# 
     9  0001                     	;# 
    10  0002                     	;# 
    11  0003                     	;# 
    12  0004                     	;# 
    13  0005                     	;# 
    14  0006                     	;# 
    15  0007                     	;# 
    16  0009                     	;# 
    17  000A                     	;# 
    18  000B                     	;# 
    19  000C                     	;# 
    20  000D                     	;# 
    21  000E                     	;# 
    22  000E                     	;# 
    23  000F                     	;# 
    24  0010                     	;# 
    25  0011                     	;# 
    26  0012                     	;# 
    27  0013                     	;# 
    28  0014                     	;# 
    29  0015                     	;# 
    30  0015                     	;# 
    31  0016                     	;# 
    32  0017                     	;# 
    33  0018                     	;# 
    34  0019                     	;# 
    35  001A                     	;# 
    36  001B                     	;# 
    37  001B                     	;# 
    38  001C                     	;# 
    39  001D                     	;# 
    40  001E                     	;# 
    41  001F                     	;# 
    42  0081                     	;# 
    43  0085                     	;# 
    44  0086                     	;# 
    45  0087                     	;# 
    46  0089                     	;# 
    47  008C                     	;# 
    48  008D                     	;# 
    49  008E                     	;# 
    50  008F                     	;# 
    51  0090                     	;# 
    52  0091                     	;# 
    53  0092                     	;# 
    54  0093                     	;# 
    55  0093                     	;# 
    56  0093                     	;# 
    57  0094                     	;# 
    58  0095                     	;# 
    59  0096                     	;# 
    60  0097                     	;# 
    61  0098                     	;# 
    62  0099                     	;# 
    63  009A                     	;# 
    64  009B                     	;# 
    65  009C                     	;# 
    66  009D                     	;# 
    67  009E                     	;# 
    68  009F                     	;# 
    69  0105                     	;# 
    70  0107                     	;# 
    71  0108                     	;# 
    72  0109                     	;# 
    73  010C                     	;# 
    74  010C                     	;# 
    75  010D                     	;# 
    76  010E                     	;# 
    77  010F                     	;# 
    78  0185                     	;# 
    79  0187                     	;# 
    80  0188                     	;# 
    81  0189                     	;# 
    82  018C                     	;# 
    83  018D                     	;# 
    84  0005                     _PORTA	set	5
    85  0005                     _PORTAbits	set	5
    86  008F                     _OSCCON	set	143
    87  0085                     _TRISAbits	set	133
    88                           
    89                           	psect	maintext
    90  07D2                     __pmaintext:	
    91                           ; #config settings
    92                           
    93                           
    94                           ;psect for function _main
    95  0000                     
    96 ;;
    97 ;;Main: autosize = 0, tempsize = 3, incstack = 0, save=0
    98 ;;
    99 ;; *************** function _main *****************
   100 ;; Defined at:
   101 ;;		line 35 in file "main.c"
   102 ;; Parameters:    Size  Location     Type
   103 ;;		None
   104 ;; Auto vars:     Size  Location     Type
   105 ;;		None
   106 ;; Return value:  Size  Location     Type
   107 ;;		None               void
   108 ;; Registers used:
   109 ;;		wreg, status,2
   110 ;; Tracked objects:
   111 ;;		On entry : 17F/0
   112 ;;		On exit  : 0/0
   113 ;;		Unchanged: 0/0
   114 ;; Data sizes:     COMMON   BANK0   BANK1   BANK3   BANK2
   115 ;;      Params:         0       0       0       0       0
   116 ;;      Locals:         0       0       0       0       0
   117 ;;      Temps:          3       0       0       0       0
   118 ;;      Totals:         3       0       0       0       0
   119 ;;Total ram usage:        3 bytes
   120 ;; This function calls:
   121 ;;		Nothing
   122 ;; This function is called by:
   123 ;;		Startup code after reset
   124 ;; This function uses a non-reentrant model
   125 ;;
   126  07D2                     _main:	
   127                           
   128                           ;main.c: 37: OSCCON=0b01110000;
   129                           
   130                           ;incstack = 0
   131                           ; Regs used in _main: [wreg+status,2]
   132  07D2  3070               	movlw	112
   133  07D3  1683               	bsf	3,5	;RP0=1, select bank1
   134  07D4  1303               	bcf	3,6	;RP1=0, select bank1
   135  07D5  008F               	movwf	15	;volatile
   136                           
   137                           ;main.c: 39: TRISAbits.TRISA6=0;
   138  07D6  1305               	bcf	5,6	;volatile
   139                           
   140                           ;main.c: 40: PORTAbits.RA6=1;
   141  07D7  1283               	bcf	3,5	;RP0=0, select bank0
   142  07D8  1303               	bcf	3,6	;RP1=0, select bank0
   143  07D9  1705               	bsf	5,6	;volatile
   144  07DA                     l13:	
   145                           ;main.c: 42: while(1){
   146                           
   147                           
   148                           ;main.c: 43: PORTA=0x40;
   149  07DA  3040               	movlw	64
   150  07DB  1283               	bcf	3,5	;RP0=0, select bank0
   151  07DC  1303               	bcf	3,6	;RP1=0, select bank0
   152  07DD  0085               	movwf	5	;volatile
   153                           
   154                           ;main.c: 44: _delay((unsigned long)((1000)*(8000000/4000.0)));
   155  07DE  300B               	movlw	11
   156  07DF  00F2               	movwf	??_main+2
   157  07E0  3026               	movlw	38
   158  07E1  00F1               	movwf	??_main+1
   159  07E2  3066               	movlw	102
   160  07E3  00F0               	movwf	??_main
   161  07E4                     u17:	
   162  07E4  0BF0               	decfsz	??_main,f
   163  07E5  2FE4               	goto	u17
   164  07E6  0BF1               	decfsz	??_main+1,f
   165  07E7  2FE4               	goto	u17
   166  07E8  0BF2               	decfsz	??_main+2,f
   167  07E9  2FE4               	goto	u17
   168  07EA  2FEB               	nop2
   169                           
   170                           ;main.c: 45: PORTA=0;
   171  07EB  1283               	bcf	3,5	;RP0=0, select bank0
   172  07EC  1303               	bcf	3,6	;RP1=0, select bank0
   173  07ED  0185               	clrf	5	;volatile
   174                           
   175                           ;main.c: 46: _delay((unsigned long)((1000)*(8000000/4000.0)));
   176  07EE  300B               	movlw	11
   177  07EF  00F2               	movwf	??_main+2
   178  07F0  3026               	movlw	38
   179  07F1  00F1               	movwf	??_main+1
   180  07F2  3066               	movlw	102
   181  07F3  00F0               	movwf	??_main
   182  07F4                     u27:	
   183  07F4  0BF0               	decfsz	??_main,f
   184  07F5  2FF4               	goto	u27
   185  07F6  0BF1               	decfsz	??_main+1,f
   186  07F7  2FF4               	goto	u27
   187  07F8  0BF2               	decfsz	??_main+2,f
   188  07F9  2FF4               	goto	u27
   189  07FA  2FFB               	nop2
   190  07FB  2FDA               	goto	l13
   191  07FC                     __end_of_main:	
   192  007E                     btemp	set	126	;btemp
   193  007E                     wtemp	set	126
   194  007E                     wtemp0	set	126
   195  0080                     wtemp1	set	128
   196  0082                     wtemp2	set	130
   197  0084                     wtemp3	set	132
   198  0086                     wtemp4	set	134
   199  0088                     wtemp5	set	136
   200  007F                     wtemp6	set	127
   201  007E                     ttemp	set	126
   202  007E                     ttemp0	set	126
   203  0081                     ttemp1	set	129
   204  0084                     ttemp2	set	132
   205  0087                     ttemp3	set	135
   206  007F                     ttemp4	set	127
   207  007E                     ltemp	set	126
   208  007E                     ltemp0	set	126
   209  0082                     ltemp1	set	130
   210  0086                     ltemp2	set	134
   211  0080                     ltemp3	set	128
   212                           
   213                           	psect	cinit
   214  07FC                     start_initialization:	
   215  07FC                     __initialization:	
   216  07FC                     end_of_initialization:	
   217                           ;End of C runtime variable initialization code
   218                           
   219  07FC                     __end_of__initialization:	
   220  07FC  0183               	clrf	3
   221  07FD  120A  118A  2FD2   	ljmp	_main	;jump to C main() function
   222                           
   223                           	psect	cstackCOMMON
   224  0070                     __pcstackCOMMON:	
   225  0070                     ?_main:	
   226  0070                     ??_main:	
   227                           ; 0 bytes @ 0x0
   228                           
   229                           
   230                           ; 0 bytes @ 0x0
   231  0070                     	ds	3


Data Sizes:
    Strings     0
    Constant    0
    Data        0
    BSS         0
    Persistent  0
    Stack       0

Auto Spaces:
    Space          Size  Autos    Used
    COMMON           14      3       3
    BANK0            80      0       0
    BANK1            80      0       0
    BANK3            96      0       0
    BANK2            96      0       0

Pointer List with Targets:

    None.

Critical Paths under _main in COMMON

    None.

Critical Paths under _main in BANK0

    None.

Critical Paths under _main in BANK1

    None.

Critical Paths under _main in BANK3

    None.

Critical Paths under _main in BANK2

    None.

Call Graph Tables:

 ---------------------------------------------------------------------------------
 (Depth) Function   	        Calls       Base Space   Used Autos Params    Refs
 ---------------------------------------------------------------------------------
 (0) _main                                                 3     3      0       0
                                              0 COMMON     3     3      0
 ---------------------------------------------------------------------------------
 Estimated maximum stack depth 0
 ---------------------------------------------------------------------------------

 Call Graph Graphs:

 _main (ROOT)

 Address spaces:
Name               Size   Autos  Total    Cost      Usage
BITCOMMON            E      0       0       0        0.0%
EEDATA             100      0       0       0        0.0%
NULL                 0      0       0       0        0.0%
CODE                 0      0       0       0        0.0%
COMMON               E      3       3       1       21.4%
BITSFR0              0      0       0       1        0.0%
SFR0                 0      0       0       1        0.0%
BITSFR1              0      0       0       2        0.0%
SFR1                 0      0       0       2        0.0%
STACK                0      0       0       2        0.0%
ABS                  0      0       0       3        0.0%
BITBANK0            50      0       0       4        0.0%
BITSFR3              0      0       0       4        0.0%
SFR3                 0      0       0       4        0.0%
BANK0               50      0       0       5        0.0%
BITSFR2              0      0       0       5        0.0%
SFR2                 0      0       0       5        0.0%
BITBANK1            50      0       0       6        0.0%
BANK1               50      0       0       7        0.0%
BITBANK3            60      0       0       8        0.0%
BANK3               60      0       0       9        0.0%
BITBANK2            60      0       0      10        0.0%
BANK2               60      0       0      11        0.0%
DATA                 0      0       0      12        0.0%


Microchip Technology PIC Macro Assembler V1.32 build 58300 
Symbol Table                                                                                   Sun Dec 07 03:48:08 2014

             __CFG_CP$OFF 0000                        l13 07DA                        u17 07E4  
                      u27 07F4              __CFG_CPD$OFF 0000              __CFG_LVP$OFF 0000  
            __CFG_WRT$OFF 0000                      _main 07D2                      btemp 007E  
                    ltemp 007E                      start 0000                      ttemp 007E  
                    wtemp 007E             __CFG_IESO$OFF 0000                     ?_main 0070  
           __CFG_WDTE$OFF 0000                     _PORTA 0005            __CFG_FCMEN$OFF 0000  
          __CFG_BOREN$OFF 0000                     ltemp0 007E                     ltemp1 0082  
                   ltemp2 0086                     ltemp3 0080                     ttemp0 007E  
                   ttemp1 0081                     ttemp2 0084                     ttemp3 0087  
                   ttemp4 007F                     status 0003                     wtemp0 007E  
                   wtemp1 0080                     wtemp2 0082                     wtemp3 0084  
                   wtemp4 0086                     wtemp5 0088                     wtemp6 007F  
          __CFG_MCLRE$OFF 0000           __initialization 07FC              __end_of_main 07FC  
                  ??_main 0070                    _OSCCON 008F            __CFG_PWRTE$OFF 0000  
 __end_of__initialization 07FC            __pcstackCOMMON 0070                __pmaintext 07D2  
    end_of_initialization 07FC                 _PORTAbits 0005                 _TRISAbits 0085  
     start_initialization 07FC                 ___latbits 0002  __CFG_FOSC$EXTRC_NOCLKOUT 0000  
       __CFG_BOR4V$BOR40V 0000             __size_of_main 002A  
